<?xml version="1.0" encoding="UTF-8"?>
<!-- Generated by org.testng.reporters.JUnitXMLReporter -->
<testsuite hostname="DESKTOP-FUDE26F" ignored="0" name="QLTK_0012" tests="1" failures="1" timestamp="2020-06-25T12:56:45 ICT" time="0.092" errors="0">
  <testcase name="addUser" time="0.041" classname="Test.UserDAOTest">
    <failure type="java.lang.AssertionError" message="expected [false] but found [true]">
      <![CDATA[java.lang.AssertionError: expected [false] but found [true]
at Test.UserDAOTest.addUser(UserDAOTest.java:83)
at org.springframework.test.context.testng.AbstractTestNGSpringContextTests.run(AbstractTestNGSpringContextTests.java:172)
at java.util.ArrayList.forEach(Unknown Source)
... Removed 34 stack frames]]>
    </failure>
  </testcase> <!-- addUser -->
</testsuite> <!-- QLTK_0012 -->
